TN:
SF:src\assets\sky-logo.png
FNF:0
FNH:0
DA:1,1
LF:1
LH:1
BRF:0
BRH:0
end_of_record
TN:
SF:src\components\Chart.tsx
FN:18,(anonymous_0)
FN:37,(anonymous_1)
FN:40,(anonymous_2)
FNF:3
FNH:1
FNDA:1,(anonymous_0)
FNDA:0,(anonymous_1)
FNDA:0,(anonymous_2)
DA:1,1
DA:2,1
DA:11,1
DA:12,1
DA:18,1
DA:19,1
DA:37,0
DA:40,0
DA:53,1
LF:9
LH:7
BRF:0
BRH:0
end_of_record
TN:
SF:src\components\Footer.tsx
FN:3,(anonymous_0)
FNF:1
FNH:1
FNDA:1,(anonymous_0)
DA:1,1
DA:3,1
DA:4,1
DA:15,1
LF:4
LH:4
BRF:0
BRH:0
end_of_record
TN:
SF:src\components\Header.tsx
FN:5,(anonymous_0)
FNF:1
FNH:1
FNDA:1,(anonymous_0)
DA:1,1
DA:2,1
DA:3,1
DA:5,1
DA:6,1
DA:7,1
DA:9,1
DA:22,1
LF:8
LH:8
BRF:0
BRH:0
end_of_record
TN:
SF:src\components\Movies.tsx
FN:12,(anonymous_0)
FN:22,(anonymous_1)
FN:32,(anonymous_2)
FNF:3
FNH:1
FNDA:1,(anonymous_0)
FNDA:0,(anonymous_1)
FNDA:0,(anonymous_2)
DA:1,1
DA:2,1
DA:3,1
DA:5,1
DA:6,1
DA:12,1
DA:13,1
DA:15,1
DA:17,1
DA:22,1
DA:23,0
DA:26,1
DA:33,0
DA:59,1
LF:14
LH:12
BRDA:33,0,0,0
BRDA:33,0,1,0
BRDA:33,1,0,0
BRDA:33,1,1,0
BRDA:44,2,0,1
BRDA:44,2,1,0
BRDA:49,3,0,1
BRDA:49,3,1,0
BRF:8
BRH:2
end_of_record
TN:
SF:src\pages\Dashboard.tsx
FN:14,(anonymous_0)
FN:28,(anonymous_1)
FN:32,(anonymous_2)
FN:39,(anonymous_3)
FN:63,(anonymous_4)
FN:73,(anonymous_5)
FN:83,(anonymous_6)
FNF:7
FNH:5
FNDA:1,(anonymous_0)
FNDA:1,(anonymous_1)
FNDA:0,(anonymous_2)
FNDA:1,(anonymous_3)
FNDA:0,(anonymous_4)
FNDA:1,(anonymous_5)
FNDA:1,(anonymous_6)
DA:1,1
DA:2,1
DA:3,1
DA:4,1
DA:5,1
DA:6,1
DA:7,1
DA:8,1
DA:9,1
DA:10,1
DA:11,1
DA:14,1
DA:19,1
DA:24,1
DA:25,1
DA:28,1
DA:29,1
DA:30,1
DA:31,1
DA:33,0
DA:38,1
DA:39,1
DA:44,1
DA:45,0
DA:48,1
DA:49,0
DA:50,1
DA:51,0
DA:53,1
DA:63,0
DA:74,1
DA:84,1
DA:108,1
LF:33
LH:28
BRDA:29,0,0,0
BRDA:29,0,1,1
BRDA:31,1,0,0
BRDA:31,1,1,1
BRDA:44,2,0,0
BRDA:44,2,1,1
BRDA:44,3,0,1
BRDA:44,3,1,1
BRDA:48,4,0,0
BRDA:48,4,1,1
BRDA:50,5,0,0
BRDA:50,5,1,1
BRDA:69,6,0,1
BRDA:69,6,1,1
BRDA:71,7,0,1
BRDA:71,7,1,0
BRF:16
BRH:10
end_of_record
TN:
SF:src\pages\ErrorPage.tsx
FN:7,(anonymous_0)
FNF:1
FNH:0
FNDA:0,(anonymous_0)
DA:1,1
DA:7,1
DA:8,0
DA:16,1
LF:4
LH:3
BRF:0
BRH:0
end_of_record
TN:
SF:src\styles\chart.css
FNF:0
FNH:0
DA:1,1
LF:1
LH:1
BRF:0
BRH:0
end_of_record
TN:
SF:src\styles\dashboard.css
FNF:0
FNH:0
DA:1,1
LF:1
LH:1
BRF:0
BRH:0
end_of_record
TN:
SF:src\styles\error-page.css
FNF:0
FNH:0
DA:1,1
LF:1
LH:1
BRF:0
BRH:0
end_of_record
TN:
SF:src\styles\footer.css
FNF:0
FNH:0
DA:1,1
LF:1
LH:1
BRF:0
BRH:0
end_of_record
TN:
SF:src\styles\header.css
FNF:0
FNH:0
DA:1,1
LF:1
LH:1
BRF:0
BRH:0
end_of_record
TN:
SF:src\styles\movies.css
FNF:0
FNH:0
DA:1,1
LF:1
LH:1
BRF:0
BRH:0
end_of_record
TN:
SF:src\tests\mock-data\dashboard-mock.ts
FNF:0
FNH:0
DA:3,1
DA:25,1
DA:31,1
DA:37,1
LF:4
LH:4
BRF:0
BRH:0
end_of_record
TN:
SF:src\utils\format.ts
FN:3,calculatePercentChange
FN:8,formatGenre
FN:9,(anonymous_2)
FN:12,formatTime
FN:17,(anonymous_4)
FN:20,(anonymous_5)
FNF:6
FNH:3
FNDA:1,calculatePercentChange
FNDA:0,formatGenre
FNDA:0,(anonymous_2)
FNDA:0,formatTime
FNDA:1,(anonymous_4)
FNDA:1,(anonymous_5)
DA:1,1
DA:3,1
DA:4,1
DA:5,1
DA:8,1
DA:9,0
DA:12,1
DA:13,0
DA:17,1
DA:18,1
DA:20,1
LF:11
LH:9
BRDA:4,0,0,0
BRDA:4,0,1,1
BRDA:12,1,0,0
BRF:3
BRH:1
end_of_record
